Build started 21-Mar-17 9:45:44 AM.
     1>Project "E:\Lokesh Basu\GitHub\FBX\FBXSDKTest1\FBXSDKTest1\FBXSDKTest1.vcxproj" on node 2 (Build target(s)).
     1>Link:
         C:\Program Files (x86)\Microsoft Visual Studio 12.0\VC\bin\link.exe /ERRORREPORT:PROMPT /OUT:"E:\Lokesh Basu\GitHub\FBX\FBXSDKTest1\Debug\FBXSDKTest1.exe" /INCREMENTAL:NO /NOLOGO /LIBPATH:"C:\Program Files\Autodesk\FBX\FBX SDK\2017.1\lib\vs2013\x64\release" "libfbxsdk-md.lib" "libfbxsdk-mt.lib" libfbxsdk.lib kernel32.lib user32.lib gdi32.lib winspool.lib comdlg32.lib advapi32.lib shell32.lib ole32.lib oleaut32.lib uuid.lib odbc32.lib odbccp32.lib /MANIFEST /MANIFESTUAC:"level='asInvoker' uiAccess='false'" /manifest:embed /DEBUG /PDB:"E:\Lokesh Basu\GitHub\FBX\FBXSDKTest1\Debug\FBXSDKTest1.pdb" /SUBSYSTEM:CONSOLE /TLBID:1 /DYNAMICBASE /NXCOMPAT /IMPLIB:"E:\Lokesh Basu\GitHub\FBX\FBXSDKTest1\Debug\FBXSDKTest1.lib" /MACHINE:X86 Debug\FBXSDKTest1.obj
         Debug\stdafx.obj
     1>FBXSDKTest1.obj : warning LNK4075: ignoring '/EDITANDCONTINUE' due to '/OPT:LBR' specification
     1>FBXSDKTest1.obj : error LNK2019: unresolved external symbol "__declspec(dllimport) public: __thiscall fbxsdk::FbxString::FbxString(char const *)" (__imp_??0FbxString@fbxsdk@@QAE@PBD@Z) referenced in function "class fbxsdk::FbxString __cdecl GetAttributeTypeName(enum fbxsdk::FbxNodeAttribute::EType)" (?GetAttributeTypeName@@YA?AVFbxString@fbxsdk@@W4EType@FbxNodeAttribute@2@@Z)
     1>FBXSDKTest1.obj : error LNK2019: unresolved external symbol "__declspec(dllimport) public: __thiscall fbxsdk::FbxString::~FbxString(void)" (__imp_??1FbxString@fbxsdk@@QAE@XZ) referenced in function "void __cdecl PrintAttribute(class fbxsdk::FbxNodeAttribute *)" (?PrintAttribute@@YAXPAVFbxNodeAttribute@fbxsdk@@@Z)
     1>FBXSDKTest1.obj : error LNK2019: unresolved external symbol "__declspec(dllimport) public: char * __thiscall fbxsdk::FbxString::Buffer(void)" (__imp_?Buffer@FbxString@fbxsdk@@QAEPADXZ) referenced in function "void __cdecl PrintAttribute(class fbxsdk::FbxNodeAttribute *)" (?PrintAttribute@@YAXPAVFbxNodeAttribute@fbxsdk@@@Z)
     1>FBXSDKTest1.obj : error LNK2019: unresolved external symbol "__declspec(dllimport) public: char const * __thiscall fbxsdk::FbxStatus::GetErrorString(void)const " (__imp_?GetErrorString@FbxStatus@fbxsdk@@QBEPBDXZ) referenced in function _wmain
     1>FBXSDKTest1.obj : error LNK2019: unresolved external symbol "__declspec(dllimport) public: __thiscall fbxsdk::FbxVectorTemplate3<double>::FbxVectorTemplate3<double>(void)" (__imp_??0?$FbxVectorTemplate3@N@fbxsdk@@QAE@XZ) referenced in function "public: class fbxsdk::FbxVectorTemplate3<double> __thiscall fbxsdk::FbxPropertyT<class fbxsdk::FbxVectorTemplate3<double> >::Get(void)const " (?Get@?$FbxPropertyT@V?$FbxVectorTemplate3@N@fbxsdk@@@fbxsdk@@QBE?AV?$FbxVectorTemplate3@N@2@XZ)
     1>FBXSDKTest1.obj : error LNK2019: unresolved external symbol "__declspec(dllimport) public: __thiscall fbxsdk::FbxVectorTemplate3<double>::~FbxVectorTemplate3<double>(void)" (__imp_??1?$FbxVectorTemplate3@N@fbxsdk@@QAE@XZ) referenced in function "public: class fbxsdk::FbxVectorTemplate3<double> __thiscall fbxsdk::FbxPropertyT<class fbxsdk::FbxVectorTemplate3<double> >::Get(void)const " (?Get@?$FbxPropertyT@V?$FbxVectorTemplate3@N@fbxsdk@@@fbxsdk@@QBE?AV?$FbxVectorTemplate3@N@2@XZ)
     1>FBXSDKTest1.obj : error LNK2019: unresolved external symbol "__declspec(dllimport) public: double & __thiscall fbxsdk::FbxVectorTemplate3<double>::operator[](int)" (__imp_??A?$FbxVectorTemplate3@N@fbxsdk@@QAEAANH@Z) referenced in function "void __cdecl PrintNode(class fbxsdk::FbxNode *)" (?PrintNode@@YAXPAVFbxNode@fbxsdk@@@Z)
     1>FBXSDKTest1.obj : error LNK2019: unresolved external symbol "__declspec(dllimport) protected: bool __thiscall fbxsdk::FbxProperty::Get(void *,enum fbxsdk::EFbxType const &)const " (__imp_?Get@FbxProperty@fbxsdk@@IBE_NPAXABW4EFbxType@2@@Z) referenced in function "public: class fbxsdk::FbxVectorTemplate3<double> __thiscall fbxsdk::FbxPropertyT<class fbxsdk::FbxVectorTemplate3<double> >::Get(void)const " (?Get@?$FbxPropertyT@V?$FbxVectorTemplate3@N@fbxsdk@@@fbxsdk@@QBE?AV?$FbxVectorTemplate3@N@2@XZ)
     1>FBXSDKTest1.obj : error LNK2019: unresolved external symbol "__declspec(dllimport) public: void __thiscall fbxsdk::FbxObject::Destroy(bool)" (__imp_?Destroy@FbxObject@fbxsdk@@QAEX_N@Z) referenced in function _wmain
     1>FBXSDKTest1.obj : error LNK2019: unresolved external symbol "__declspec(dllimport) public: char const * __thiscall fbxsdk::FbxObject::GetName(void)const " (__imp_?GetName@FbxObject@fbxsdk@@QBEPBDXZ) referenced in function "void __cdecl PrintAttribute(class fbxsdk::FbxNodeAttribute *)" (?PrintAttribute@@YAXPAVFbxNodeAttribute@fbxsdk@@@Z)
     1>FBXSDKTest1.obj : error LNK2019: unresolved external symbol "__declspec(dllimport) public: static class fbxsdk::FbxManager * __cdecl fbxsdk::FbxManager::Create(void)" (__imp_?Create@FbxManager@fbxsdk@@SAPAV12@XZ) referenced in function _wmain
     1>FBXSDKTest1.obj : error LNK2019: unresolved external symbol "__declspec(dllimport) public: class fbxsdk::FbxStatus & __thiscall fbxsdk::FbxIOBase::GetStatus(void)" (__imp_?GetStatus@FbxIOBase@fbxsdk@@QAEAAVFbxStatus@2@XZ) referenced in function _wmain
     1>FBXSDKTest1.obj : error LNK2019: unresolved external symbol "__declspec(dllimport) public: static class fbxsdk::FbxIOSettings * __cdecl fbxsdk::FbxIOSettings::Create(class fbxsdk::FbxManager *,char const *)" (__imp_?Create@FbxIOSettings@fbxsdk@@SAPAV12@PAVFbxManager@2@PBD@Z) referenced in function _wmain
     1>FBXSDKTest1.obj : error LNK2019: unresolved external symbol "__declspec(dllimport) public: static class fbxsdk::FbxImporter * __cdecl fbxsdk::FbxImporter::Create(class fbxsdk::FbxManager *,char const *)" (__imp_?Create@FbxImporter@fbxsdk@@SAPAV12@PAVFbxManager@2@PBD@Z) referenced in function _wmain
     1>FBXSDKTest1.obj : error LNK2019: unresolved external symbol "__declspec(dllimport) public: bool __thiscall fbxsdk::FbxImporter::Import(class fbxsdk::FbxDocument *,bool)" (__imp_?Import@FbxImporter@fbxsdk@@QAE_NPAVFbxDocument@2@_N@Z) referenced in function _wmain
     1>FBXSDKTest1.obj : error LNK2019: unresolved external symbol "__declspec(dllimport) public: int __thiscall fbxsdk::FbxNode::GetChildCount(bool)const " (__imp_?GetChildCount@FbxNode@fbxsdk@@QBEH_N@Z) referenced in function "void __cdecl PrintNode(class fbxsdk::FbxNode *)" (?PrintNode@@YAXPAVFbxNode@fbxsdk@@@Z)
     1>FBXSDKTest1.obj : error LNK2019: unresolved external symbol "__declspec(dllimport) public: class fbxsdk::FbxNode * __thiscall fbxsdk::FbxNode::GetChild(int)" (__imp_?GetChild@FbxNode@fbxsdk@@QAEPAV12@H@Z) referenced in function "void __cdecl PrintNode(class fbxsdk::FbxNode *)" (?PrintNode@@YAXPAVFbxNode@fbxsdk@@@Z)
     1>FBXSDKTest1.obj : error LNK2019: unresolved external symbol "__declspec(dllimport) public: int __thiscall fbxsdk::FbxNode::GetNodeAttributeCount(void)const " (__imp_?GetNodeAttributeCount@FbxNode@fbxsdk@@QBEHXZ) referenced in function "void __cdecl PrintNode(class fbxsdk::FbxNode *)" (?PrintNode@@YAXPAVFbxNode@fbxsdk@@@Z)
     1>FBXSDKTest1.obj : error LNK2019: unresolved external symbol "__declspec(dllimport) public: class fbxsdk::FbxNodeAttribute * __thiscall fbxsdk::FbxNode::GetNodeAttributeByIndex(int)" (__imp_?GetNodeAttributeByIndex@FbxNode@fbxsdk@@QAEPAVFbxNodeAttribute@2@H@Z) referenced in function "void __cdecl PrintNode(class fbxsdk::FbxNode *)" (?PrintNode@@YAXPAVFbxNode@fbxsdk@@@Z)
     1>FBXSDKTest1.obj : error LNK2019: unresolved external symbol "__declspec(dllimport) public: static class fbxsdk::FbxScene * __cdecl fbxsdk::FbxScene::Create(class fbxsdk::FbxManager *,char const *)" (__imp_?Create@FbxScene@fbxsdk@@SAPAV12@PAVFbxManager@2@PBD@Z) referenced in function _wmain
     1>FBXSDKTest1.obj : error LNK2019: unresolved external symbol "__declspec(dllimport) public: class fbxsdk::FbxNode * __thiscall fbxsdk::FbxScene::GetRootNode(void)const " (__imp_?GetRootNode@FbxScene@fbxsdk@@QBEPAVFbxNode@2@XZ) referenced in function _wmain
     1>E:\Lokesh Basu\GitHub\FBX\FBXSDKTest1\Debug\FBXSDKTest1.exe : fatal error LNK1120: 21 unresolved externals
     1>Done Building Project "E:\Lokesh Basu\GitHub\FBX\FBXSDKTest1\FBXSDKTest1\FBXSDKTest1.vcxproj" (Build target(s)) -- FAILED.

Build FAILED.

Time Elapsed 00:00:00.21
